============================= test session starts =============================
platform win32 -- Python 3.14.2, pytest-8.3.3, pluggy-1.6.0 -- D:\python\python.exe
cachedir: .pytest_cache
rootdir: D:\projects\v-JianzhangDong_26_02_26_case2\Claude-haiku-4.5\v-JianzhangDong_26_02_26_case2\issue_fixed
plugins: anyio-4.12.1, cov-4.1.0
collecting ... collected 3 items

tests/test_command_injection.py::test_command_injection_prevention PASSED [ 33%]
tests/test_secret_exposure.py::test_no_hardcoded_secrets PASSED          [ 66%]
tests/test_sql_injection.py::test_sql_injection_prevention PASSED        [100%]

============================== 3 passed in 0.08s ==============================
